<?xml version="1.0" encoding="UTF-8"?>
<!-- Generated by org.testng.reporters.JUnitReportReporter -->
<testsuite hostname="faichi-Inspiron-N5110" name="stepDefinitions.T1" tests="1" failures="0" timestamp="21 May 2018 10:12:04 GMT" time="0.018" errors="0">
  <testcase name="f" time="0.018" classname="stepDefinitions.T1"/>
</testsuite> <!-- stepDefinitions.T1 -->
